2020-02-23 18:27:43 [scrapy.utils.log] INFO: Scrapy 1.8.0 started (bot: NERYS)
2020-02-23 18:27:43 [scrapy.utils.log] INFO: Versions: lxml 4.4.1.0, libxml2 2.9.5, cssselect 1.1.0, parsel 1.5.2, w3lib 1.21.0, Twisted 19.7.0, Python 3.7.5 (default, Oct 31 2019, 15:18:51) [MSC v.1916 64 bit (AMD64)], pyOpenSSL 19.0.0 (OpenSSL 1.1.1d  10 Sep 2019), cryptography 2.8, Platform Windows-10-10.0.18362-SP0
2020-02-23 18:27:43 [scrapy.crawler] INFO: Overridden settings: {'BOT_NAME': 'NERYS', 'CONCURRENT_REQUESTS': 100, 'CONCURRENT_REQUESTS_PER_DOMAIN': 100, 'CONCURRENT_REQUESTS_PER_IP': 100, 'COOKIES_ENABLED': False, 'DOWNLOAD_TIMEOUT': 10, 'LOG_FILE': 'log\\scrapy_2020_02_23.log', 'LOG_LEVEL': 'INFO', 'NEWSPIDER_MODULE': 'NERYS.spiders', 'RETRY_ENABLED': False, 'ROBOTSTXT_OBEY': True, 'SPIDER_MODULES': ['NERYS.spiders']}
2020-02-23 18:27:43 [scrapy.extensions.telnet] INFO: Telnet Password: 1aba3eb9fa69d26b
2020-02-23 18:27:43 [scrapy.middleware] INFO: Enabled extensions:
['scrapy.extensions.corestats.CoreStats',
 'scrapy.extensions.telnet.TelnetConsole',
 'scrapy.extensions.logstats.LogStats']
2020-02-23 18:27:44 [scrapy.middleware] INFO: Enabled downloader middlewares:
['scrapy.downloadermiddlewares.robotstxt.RobotsTxtMiddleware',
 'scrapy.downloadermiddlewares.httpauth.HttpAuthMiddleware',
 'scrapy.downloadermiddlewares.downloadtimeout.DownloadTimeoutMiddleware',
 'scrapy.downloadermiddlewares.defaultheaders.DefaultHeadersMiddleware',
 'scrapy.downloadermiddlewares.useragent.UserAgentMiddleware',
 'scrapy.downloadermiddlewares.redirect.MetaRefreshMiddleware',
 'scrapy.downloadermiddlewares.httpcompression.HttpCompressionMiddleware',
 'scrapy.downloadermiddlewares.redirect.RedirectMiddleware',
 'scrapy.downloadermiddlewares.httpproxy.HttpProxyMiddleware',
 'scrapy.downloadermiddlewares.stats.DownloaderStats']
2020-02-23 18:27:44 [scrapy.middleware] INFO: Enabled spider middlewares:
['scrapy.spidermiddlewares.httperror.HttpErrorMiddleware',
 'scrapy.spidermiddlewares.offsite.OffsiteMiddleware',
 'NERYS.middlewares.RandomUserAgentMiddleware',
 'NERYS.middlewares.GetFailedUrl',
 'NERYS.middlewares.NerysSpiderMiddleware',
 'scrapy.spidermiddlewares.referer.RefererMiddleware',
 'scrapy.spidermiddlewares.urllength.UrlLengthMiddleware',
 'scrapy.spidermiddlewares.depth.DepthMiddleware']
2020-02-23 18:27:44 [scrapy.middleware] INFO: Enabled item pipelines:
['NERYS.pipelines.SqlitePipeline']
2020-02-23 18:27:44 [scrapy.core.engine] INFO: Spider opened
2020-02-23 18:27:44 [root] INFO: Connect sqlite successful
2020-02-23 18:27:44 [scrapy.extensions.logstats] INFO: Crawled 0 pages (at 0 pages/min), scraped 0 items (at 0 items/min)
2020-02-23 18:27:44 [shopify] INFO: Spider opened: shopify
2020-02-23 18:27:44 [scrapy.extensions.telnet] INFO: Telnet console listening on 127.0.0.1:6023
2020-02-23 18:27:47 [root] INFO: Find keyword <Adilette> in product <Adilette Boost Black>
2020-02-23 18:27:47 [root] INFO: Product <Adilette Boost Black> already exists in the database.
2020-02-23 18:27:48 [root] INFO: Find keyword <EMBROIDERED> in product <EMBROIDERED RUNNER LOGO CREWNECK - BLACK>
2020-02-23 18:27:48 [root] INFO: Product <EMBROIDERED RUNNER LOGO CREWNECK - BLACK> already exists in the database.
2020-02-23 18:27:48 [root] INFO: Find keyword <Hoodie> in product <CLASSIC OWL HOODIE - RED POLKA DOT>
2020-02-23 18:27:48 [root] INFO: Product <CLASSIC OWL HOODIE - RED POLKA DOT> already exists in the database.
2020-02-23 18:27:48 [root] INFO: Find keyword <EMBROIDERED> in product <EMBROIDERED RUNNER LOGO CREWNECK - DUSTY BLUE>
2020-02-23 18:27:48 [root] INFO: Product <EMBROIDERED RUNNER LOGO CREWNECK - DUSTY BLUE> already exists in the database.
2020-02-23 18:27:48 [root] INFO: Find keyword <UTILITY> in product <SPORT UTILITY TRACK JACKET - PALE PURPLE>
2020-02-23 18:27:48 [root] INFO: Find keyword <BLACK POLKA DOT> in product <CLASSIC OWL LONGSLEEVE T-SHIRT - BLACK POLKA DOT>
2020-02-23 18:27:48 [root] INFO: Product <SPORT UTILITY TRACK JACKET - PALE PURPLE> already exists in the database.
2020-02-23 18:27:48 [root] INFO: Product <CLASSIC OWL LONGSLEEVE T-SHIRT - BLACK POLKA DOT> already exists in the database.
2020-02-23 18:27:48 [root] INFO: Find keyword <EMBROIDERED> in product <EMBROIDERED RUNNER LOGO SWEATPANT - DUSTY BLUE>
2020-02-23 18:27:48 [root] INFO: Product <EMBROIDERED RUNNER LOGO SWEATPANT - DUSTY BLUE> already exists in the database.
2020-02-23 18:27:49 [root] INFO: Find keyword <UTILITY> in product <SPORT UTILITY TRACK PANT - BLACK>
2020-02-23 18:27:49 [root] INFO: Product <SPORT UTILITY TRACK PANT - BLACK> already exists in the database.
2020-02-23 18:27:49 [root] INFO: Find keyword <Hoodie> in product <SPORT UTILITY ZIP HOODIE - PALE PURPLE>
2020-02-23 18:27:49 [root] INFO: Product <SPORT UTILITY ZIP HOODIE - PALE PURPLE> already exists in the database.
2020-02-23 18:27:49 [root] INFO: Find keyword <UTILITY> in product <SPORT UTILITY TRACK JACKET - BLACK>
2020-02-23 18:27:49 [root] INFO: Product <SPORT UTILITY TRACK JACKET - BLACK> already exists in the database.
2020-02-23 18:27:49 [root] INFO: Find keyword <Hoodie> in product <LeBicar X OTH Hoodie Black>
2020-02-23 18:27:49 [root] INFO: Product <LeBicar X OTH Hoodie Black> already exists in the database.
2020-02-23 18:27:49 [root] INFO: Find keyword <Hoodie> in product <SPORT UTILITY ZIP HOODIE - BLACK>
2020-02-23 18:27:49 [root] INFO: Product <SPORT UTILITY ZIP HOODIE - BLACK> already exists in the database.
2020-02-23 18:27:49 [root] INFO: Find keyword <UTILITY> in product <SPORT UTILITY TRACK PANT - PALE PURPLE>
2020-02-23 18:27:49 [root] INFO: Product <SPORT UTILITY TRACK PANT - PALE PURPLE> already exists in the database.
2020-02-23 18:27:50 [root] INFO: Find keyword <EMBROIDERED> in product <EMBROIDERED RUNNER LOGO SWEATPANT - FERN>
2020-02-23 18:27:50 [root] INFO: Product <EMBROIDERED RUNNER LOGO SWEATPANT - FERN> already exists in the database.
2020-02-23 18:27:50 [root] INFO: Find keyword <Hoodie> in product <CLASSIC OWL HOODIE - PALE PURPLE>
2020-02-23 18:27:50 [root] INFO: Product <CLASSIC OWL HOODIE - PALE PURPLE> already exists in the database.
2020-02-23 18:27:51 [root] INFO: Find keyword <Hoodie> in product <CLASSIC OWL HOODIE - WHITE POLKA DOT>
2020-02-23 18:27:51 [root] INFO: Product <CLASSIC OWL HOODIE - WHITE POLKA DOT> already exists in the database.
2020-02-23 18:27:53 [root] INFO: Find keyword <Hoodie> in product <CLASSIC OWL HOODIE - BLACK>
2020-02-23 18:27:53 [root] INFO: Product <CLASSIC OWL HOODIE - BLACK> already exists in the database.
2020-02-23 18:27:57 [scrapy.core.scraper] ERROR: Error downloading <GET https://ca.octobersveryown.com/products/embroidered-runner-logo-crewneck-fern.json>
Traceback (most recent call last):
  File "d:\software\anaconda3\envs\bole\lib\site-packages\twisted\internet\defer.py", line 1416, in _inlineCallbacks
    result = result.throwExceptionIntoGenerator(g)
  File "d:\software\anaconda3\envs\bole\lib\site-packages\twisted\python\failure.py", line 512, in throwExceptionIntoGenerator
    return g.throw(self.type, self.value, self.tb)
  File "d:\software\anaconda3\envs\bole\lib\site-packages\scrapy\core\downloader\middleware.py", line 44, in process_request
    defer.returnValue((yield download_func(request=request, spider=spider)))
  File "d:\software\anaconda3\envs\bole\lib\site-packages\twisted\internet\defer.py", line 654, in _runCallbacks
    current.result = callback(current.result, *args, **kw)
  File "d:\software\anaconda3\envs\bole\lib\site-packages\scrapy\core\downloader\handlers\http11.py", line 365, in _cb_timeout
    raise TimeoutError("Getting %s took longer than %s seconds." % (url, timeout))
twisted.internet.error.TimeoutError: User timeout caused connection failure: Getting https://ca.octobersveryown.com/products/embroidered-runner-logo-crewneck-fern.json took longer than 10.0 seconds..
2020-02-23 18:27:57 [scrapy.core.engine] INFO: Closing spider (finished)
2020-02-23 18:27:57 [scrapy.statscollectors] INFO: Dumping Scrapy stats:
{'downloader/exception_count': 1,
 'downloader/exception_type_count/twisted.internet.error.TimeoutError': 1,
 'downloader/request_bytes': 25416,
 'downloader/request_count': 81,
 'downloader/request_method_count/GET': 81,
 'downloader/response_bytes': 315276,
 'downloader/response_count': 80,
 'downloader/response_status_count/200': 80,
 'elapsed_time_seconds': 13.057488,
 'finish_reason': 'finished',
 'finish_time': datetime.datetime(2020, 2, 23, 10, 27, 57, 395697),
 'item_scraped_count': 17,
 'log_count/ERROR': 1,
 'log_count/INFO': 46,
 'request_depth_max': 1,
 'response_received_count': 80,
 'robotstxt/request_count': 3,
 'robotstxt/response_count': 3,
 'robotstxt/response_status_count/200': 3,
 'scheduler/dequeued': 78,
 'scheduler/dequeued/memory': 78,
 'scheduler/enqueued': 78,
 'scheduler/enqueued/memory': 78,
 'start_time': datetime.datetime(2020, 2, 23, 10, 27, 44, 338209)}
2020-02-23 18:27:57 [scrapy.core.engine] INFO: Spider closed (finished)
2020-02-23 18:29:27 [scrapy.utils.log] INFO: Scrapy 1.8.0 started (bot: NERYS)
2020-02-23 18:29:27 [scrapy.utils.log] INFO: Versions: lxml 4.4.1.0, libxml2 2.9.5, cssselect 1.1.0, parsel 1.5.2, w3lib 1.21.0, Twisted 19.7.0, Python 3.7.5 (default, Oct 31 2019, 15:18:51) [MSC v.1916 64 bit (AMD64)], pyOpenSSL 19.0.0 (OpenSSL 1.1.1d  10 Sep 2019), cryptography 2.8, Platform Windows-10-10.0.18362-SP0
2020-02-23 18:29:27 [scrapy.crawler] INFO: Overridden settings: {'BOT_NAME': 'NERYS', 'CONCURRENT_REQUESTS': 100, 'CONCURRENT_REQUESTS_PER_DOMAIN': 100, 'CONCURRENT_REQUESTS_PER_IP': 100, 'COOKIES_ENABLED': False, 'DOWNLOAD_TIMEOUT': 50, 'LOG_FILE': 'log\\scrapy_2020_02_23.log', 'LOG_LEVEL': 'INFO', 'NEWSPIDER_MODULE': 'NERYS.spiders', 'RETRY_ENABLED': False, 'ROBOTSTXT_OBEY': True, 'SPIDER_MODULES': ['NERYS.spiders']}
2020-02-23 18:29:27 [scrapy.extensions.telnet] INFO: Telnet Password: fc4f8bb872f4cf4a
2020-02-23 18:29:28 [scrapy.middleware] INFO: Enabled extensions:
['scrapy.extensions.corestats.CoreStats',
 'scrapy.extensions.telnet.TelnetConsole',
 'scrapy.extensions.logstats.LogStats']
2020-02-23 18:29:28 [scrapy.middleware] INFO: Enabled downloader middlewares:
['scrapy.downloadermiddlewares.robotstxt.RobotsTxtMiddleware',
 'scrapy.downloadermiddlewares.httpauth.HttpAuthMiddleware',
 'scrapy.downloadermiddlewares.downloadtimeout.DownloadTimeoutMiddleware',
 'scrapy.downloadermiddlewares.defaultheaders.DefaultHeadersMiddleware',
 'scrapy.downloadermiddlewares.useragent.UserAgentMiddleware',
 'scrapy.downloadermiddlewares.redirect.MetaRefreshMiddleware',
 'scrapy.downloadermiddlewares.httpcompression.HttpCompressionMiddleware',
 'scrapy.downloadermiddlewares.redirect.RedirectMiddleware',
 'scrapy.downloadermiddlewares.httpproxy.HttpProxyMiddleware',
 'scrapy.downloadermiddlewares.stats.DownloaderStats']
2020-02-23 18:29:28 [scrapy.middleware] INFO: Enabled spider middlewares:
['scrapy.spidermiddlewares.httperror.HttpErrorMiddleware',
 'scrapy.spidermiddlewares.offsite.OffsiteMiddleware',
 'NERYS.middlewares.RandomUserAgentMiddleware',
 'NERYS.middlewares.GetFailedUrl',
 'NERYS.middlewares.NerysSpiderMiddleware',
 'scrapy.spidermiddlewares.referer.RefererMiddleware',
 'scrapy.spidermiddlewares.urllength.UrlLengthMiddleware',
 'scrapy.spidermiddlewares.depth.DepthMiddleware']
2020-02-23 18:29:28 [scrapy.middleware] INFO: Enabled item pipelines:
['NERYS.pipelines.SqlitePipeline']
2020-02-23 18:29:28 [scrapy.core.engine] INFO: Spider opened
2020-02-23 18:29:28 [root] INFO: Connect sqlite successful
2020-02-23 18:29:28 [scrapy.extensions.logstats] INFO: Crawled 0 pages (at 0 pages/min), scraped 0 items (at 0 items/min)
2020-02-23 18:29:28 [shopify] INFO: Spider opened: shopify
2020-02-23 18:29:28 [scrapy.extensions.telnet] INFO: Telnet console listening on 127.0.0.1:6023
2020-02-23 18:29:44 [root] INFO: Find keyword <UTILITY> in product <SPORT UTILITY TRACK JACKET - PALE PURPLE>
2020-02-23 18:29:44 [root] INFO: Product <SPORT UTILITY TRACK JACKET - PALE PURPLE> already exists in the database.
2020-02-23 18:29:44 [root] INFO: Find keyword <EMBROIDERED> in product <EMBROIDERED RUNNER LOGO CREWNECK - DUSTY BLUE>
2020-02-23 18:29:44 [root] INFO: Product <EMBROIDERED RUNNER LOGO CREWNECK - DUSTY BLUE> already exists in the database.
2020-02-23 18:29:44 [root] INFO: Find keyword <BLACK POLKA DOT> in product <CLASSIC OWL LONGSLEEVE T-SHIRT - BLACK POLKA DOT>
2020-02-23 18:29:44 [root] INFO: Product <CLASSIC OWL LONGSLEEVE T-SHIRT - BLACK POLKA DOT> already exists in the database.
2020-02-23 18:29:44 [root] INFO: Find keyword <Hoodie> in product <CLASSIC OWL HOODIE - PALE PURPLE>
2020-02-23 18:29:44 [root] INFO: Product <CLASSIC OWL HOODIE - PALE PURPLE> already exists in the database.
2020-02-23 18:29:45 [root] INFO: Find keyword <Hoodie> in product <SPORT UTILITY ZIP HOODIE - PALE PURPLE>
2020-02-23 18:29:45 [root] INFO: Product <SPORT UTILITY ZIP HOODIE - PALE PURPLE> already exists in the database.
2020-02-23 18:29:45 [root] INFO: Find keyword <EMBROIDERED> in product <EMBROIDERED RUNNER LOGO SWEATPANT - FERN>
2020-02-23 18:29:45 [root] INFO: Product <EMBROIDERED RUNNER LOGO SWEATPANT - FERN> already exists in the database.
2020-02-23 18:29:45 [root] INFO: Find keyword <EMBROIDERED> in product <EMBROIDERED RUNNER LOGO SWEATPANT - DUSTY BLUE>
2020-02-23 18:29:45 [root] INFO: Product <EMBROIDERED RUNNER LOGO SWEATPANT - DUSTY BLUE> already exists in the database.
2020-02-23 18:29:45 [root] INFO: Find keyword <Hoodie> in product <CLASSIC OWL HOODIE - BLACK>
2020-02-23 18:29:45 [root] INFO: Product <CLASSIC OWL HOODIE - BLACK> already exists in the database.
2020-02-23 18:29:46 [root] INFO: Find keyword <Hoodie> in product <CLASSIC OWL HOODIE - WHITE POLKA DOT>
2020-02-23 18:29:46 [root] INFO: Product <CLASSIC OWL HOODIE - WHITE POLKA DOT> already exists in the database.
2020-02-23 18:29:47 [root] INFO: Find keyword <UTILITY> in product <SPORT UTILITY TRACK PANT - BLACK>
2020-02-23 18:29:47 [root] INFO: Product <SPORT UTILITY TRACK PANT - BLACK> already exists in the database.
2020-02-23 18:29:47 [root] INFO: Find keyword <UTILITY> in product <SPORT UTILITY TRACK JACKET - BLACK>
2020-02-23 18:29:47 [root] INFO: Product <SPORT UTILITY TRACK JACKET - BLACK> already exists in the database.
2020-02-23 18:29:47 [root] INFO: Find keyword <UTILITY> in product <SPORT UTILITY TRACK PANT - PALE PURPLE>
2020-02-23 18:29:47 [root] INFO: Product <SPORT UTILITY TRACK PANT - PALE PURPLE> already exists in the database.
2020-02-23 18:29:47 [root] INFO: Find keyword <Hoodie> in product <CLASSIC OWL HOODIE - RED POLKA DOT>
2020-02-23 18:29:47 [root] INFO: Product <CLASSIC OWL HOODIE - RED POLKA DOT> already exists in the database.
2020-02-23 18:29:49 [root] INFO: Find keyword <EMBROIDERED> in product <EMBROIDERED RUNNER LOGO CREWNECK - FERN>
2020-02-23 18:29:49 [root] INFO: Product <EMBROIDERED RUNNER LOGO CREWNECK - FERN> already exists in the database.
2020-02-23 18:29:57 [root] INFO: Find keyword <EMBROIDERED> in product <EMBROIDERED RUNNER LOGO CREWNECK - BLACK>
2020-02-23 18:29:57 [root] INFO: Product <EMBROIDERED RUNNER LOGO CREWNECK - BLACK> already exists in the database.
2020-02-23 18:29:58 [root] INFO: Find keyword <Hoodie> in product <LeBicar X OTH Hoodie Black>
2020-02-23 18:29:58 [root] INFO: Product <LeBicar X OTH Hoodie Black> already exists in the database.
2020-02-23 18:30:01 [root] INFO: Find keyword <Adilette> in product <Adilette Boost Black>
2020-02-23 18:30:01 [root] INFO: Product <Adilette Boost Black> already exists in the database.
2020-02-23 18:30:01 [root] INFO: Find keyword <Hoodie> in product <SPORT UTILITY ZIP HOODIE - BLACK>
2020-02-23 18:30:01 [root] INFO: Product <SPORT UTILITY ZIP HOODIE - BLACK> already exists in the database.
2020-02-23 18:30:26 [scrapy.core.scraper] ERROR: Error downloading <GET https://offthehook.ca/products/dv1530-firebird-tt-black.json>
Traceback (most recent call last):
  File "d:\software\anaconda3\envs\bole\lib\site-packages\scrapy\core\downloader\middleware.py", line 44, in process_request
    defer.returnValue((yield download_func(request=request, spider=spider)))
twisted.web._newclient.ResponseNeverReceived: [<twisted.python.failure.Failure twisted.internet.error.ConnectionLost: Connection to the other side was lost in a non-clean fashion: Connection lost.>]
2020-02-23 18:30:28 [scrapy.extensions.logstats] INFO: Crawled 79 pages (at 79 pages/min), scraped 18 items (at 18 items/min)
2020-02-23 18:30:46 [scrapy.core.scraper] ERROR: Error downloading <GET https://offthehook.ca/products/eg6849-sl-72-blue-white.json>
Traceback (most recent call last):
  File "d:\software\anaconda3\envs\bole\lib\site-packages\twisted\internet\defer.py", line 1416, in _inlineCallbacks
    result = result.throwExceptionIntoGenerator(g)
  File "d:\software\anaconda3\envs\bole\lib\site-packages\twisted\python\failure.py", line 512, in throwExceptionIntoGenerator
    return g.throw(self.type, self.value, self.tb)
  File "d:\software\anaconda3\envs\bole\lib\site-packages\scrapy\core\downloader\middleware.py", line 44, in process_request
    defer.returnValue((yield download_func(request=request, spider=spider)))
  File "d:\software\anaconda3\envs\bole\lib\site-packages\twisted\internet\defer.py", line 654, in _runCallbacks
    current.result = callback(current.result, *args, **kw)
  File "d:\software\anaconda3\envs\bole\lib\site-packages\scrapy\core\downloader\handlers\http11.py", line 365, in _cb_timeout
    raise TimeoutError("Getting %s took longer than %s seconds." % (url, timeout))
twisted.internet.error.TimeoutError: User timeout caused connection failure: Getting https://offthehook.ca/products/eg6849-sl-72-blue-white.json took longer than 50.0 seconds..
2020-02-23 18:30:47 [scrapy.core.engine] INFO: Closing spider (finished)
2020-02-23 18:30:47 [scrapy.statscollectors] INFO: Dumping Scrapy stats:
{'downloader/exception_count': 2,
 'downloader/exception_type_count/twisted.internet.error.TimeoutError': 1,
 'downloader/exception_type_count/twisted.web._newclient.ResponseNeverReceived': 1,
 'downloader/request_bytes': 25416,
 'downloader/request_count': 81,
 'downloader/request_method_count/GET': 81,
 'downloader/response_bytes': 309708,
 'downloader/response_count': 79,
 'downloader/response_status_count/200': 79,
 'elapsed_time_seconds': 78.338427,
 'finish_reason': 'finished',
 'finish_time': datetime.datetime(2020, 2, 23, 10, 30, 47, 73338),
 'item_scraped_count': 18,
 'log_count/ERROR': 2,
 'log_count/INFO': 49,
 'request_depth_max': 1,
 'response_received_count': 79,
 'robotstxt/request_count': 3,
 'robotstxt/response_count': 3,
 'robotstxt/response_status_count/200': 3,
 'scheduler/dequeued': 78,
 'scheduler/dequeued/memory': 78,
 'scheduler/enqueued': 78,
 'scheduler/enqueued/memory': 78,
 'start_time': datetime.datetime(2020, 2, 23, 10, 29, 28, 734911)}
2020-02-23 18:30:47 [scrapy.core.engine] INFO: Spider closed (finished)
2020-02-23 18:41:00 [scrapy.utils.log] INFO: Scrapy 1.8.0 started (bot: NERYS)
2020-02-23 18:41:00 [scrapy.utils.log] INFO: Versions: lxml 4.4.1.0, libxml2 2.9.5, cssselect 1.1.0, parsel 1.5.2, w3lib 1.21.0, Twisted 19.7.0, Python 3.7.5 (default, Oct 31 2019, 15:18:51) [MSC v.1916 64 bit (AMD64)], pyOpenSSL 19.0.0 (OpenSSL 1.1.1d  10 Sep 2019), cryptography 2.8, Platform Windows-10-10.0.18362-SP0
2020-02-23 18:41:00 [scrapy.crawler] INFO: Overridden settings: {'BOT_NAME': 'NERYS', 'CONCURRENT_REQUESTS': 100, 'CONCURRENT_REQUESTS_PER_DOMAIN': 100, 'CONCURRENT_REQUESTS_PER_IP': 100, 'COOKIES_ENABLED': False, 'DOWNLOAD_TIMEOUT': 50, 'LOG_FILE': 'log\\scrapy_2020_02_23.log', 'LOG_LEVEL': 'INFO', 'NEWSPIDER_MODULE': 'NERYS.spiders', 'RETRY_ENABLED': False, 'ROBOTSTXT_OBEY': True, 'SPIDER_MODULES': ['NERYS.spiders']}
2020-02-23 18:41:00 [scrapy.extensions.telnet] INFO: Telnet Password: 9e3e8bcfb9b7e737
2020-02-23 18:41:00 [scrapy.middleware] INFO: Enabled extensions:
['scrapy.extensions.corestats.CoreStats',
 'scrapy.extensions.telnet.TelnetConsole',
 'scrapy.extensions.logstats.LogStats']
2020-02-23 18:41:01 [scrapy.middleware] INFO: Enabled downloader middlewares:
['scrapy.downloadermiddlewares.robotstxt.RobotsTxtMiddleware',
 'scrapy.downloadermiddlewares.httpauth.HttpAuthMiddleware',
 'scrapy.downloadermiddlewares.downloadtimeout.DownloadTimeoutMiddleware',
 'scrapy.downloadermiddlewares.defaultheaders.DefaultHeadersMiddleware',
 'scrapy.downloadermiddlewares.useragent.UserAgentMiddleware',
 'NERYS.middlewares.GetFailedUrl',
 'scrapy.downloadermiddlewares.redirect.MetaRefreshMiddleware',
 'scrapy.downloadermiddlewares.httpcompression.HttpCompressionMiddleware',
 'scrapy.downloadermiddlewares.redirect.RedirectMiddleware',
 'scrapy.downloadermiddlewares.httpproxy.HttpProxyMiddleware',
 'scrapy.downloadermiddlewares.stats.DownloaderStats']
2020-02-23 18:41:01 [scrapy.middleware] INFO: Enabled spider middlewares:
['scrapy.spidermiddlewares.httperror.HttpErrorMiddleware',
 'scrapy.spidermiddlewares.offsite.OffsiteMiddleware',
 'NERYS.middlewares.RandomUserAgentMiddleware',
 'NERYS.middlewares.NerysSpiderMiddleware',
 'scrapy.spidermiddlewares.referer.RefererMiddleware',
 'scrapy.spidermiddlewares.urllength.UrlLengthMiddleware',
 'scrapy.spidermiddlewares.depth.DepthMiddleware']
2020-02-23 18:41:01 [scrapy.middleware] INFO: Enabled item pipelines:
['NERYS.pipelines.SqlitePipeline']
2020-02-23 18:41:01 [scrapy.core.engine] INFO: Spider opened
2020-02-23 18:41:01 [root] INFO: Connect sqlite successful
2020-02-23 18:41:01 [scrapy.extensions.logstats] INFO: Crawled 0 pages (at 0 pages/min), scraped 0 items (at 0 items/min)
2020-02-23 18:41:01 [shopify] INFO: Spider opened: shopify
2020-02-23 18:41:01 [scrapy.extensions.telnet] INFO: Telnet console listening on 127.0.0.1:6023
2020-02-23 18:41:05 [root] INFO: Find keyword <EMBROIDERED> in product <EMBROIDERED RUNNER LOGO CREWNECK - FERN>
2020-02-23 18:41:05 [root] INFO: Find keyword <EMBROIDERED> in product <EMBROIDERED RUNNER LOGO SWEATPANT - FERN>
2020-02-23 18:41:05 [root] INFO: Product <EMBROIDERED RUNNER LOGO CREWNECK - FERN> already exists in the database.
2020-02-23 18:41:05 [root] INFO: Product <EMBROIDERED RUNNER LOGO SWEATPANT - FERN> already exists in the database.
2020-02-23 18:41:05 [root] INFO: Find keyword <EMBROIDERED> in product <EMBROIDERED RUNNER LOGO CREWNECK - DUSTY BLUE>
2020-02-23 18:41:05 [root] INFO: Find keyword <UTILITY> in product <SPORT UTILITY TRACK JACKET - PALE PURPLE>
2020-02-23 18:41:05 [root] INFO: Product <EMBROIDERED RUNNER LOGO CREWNECK - DUSTY BLUE> already exists in the database.
2020-02-23 18:41:05 [root] INFO: Find keyword <UTILITY> in product <SPORT UTILITY TRACK JACKET - BLACK>
2020-02-23 18:41:05 [root] INFO: Product <SPORT UTILITY TRACK JACKET - PALE PURPLE> already exists in the database.
2020-02-23 18:41:05 [root] INFO: Product <SPORT UTILITY TRACK JACKET - BLACK> already exists in the database.
2020-02-23 18:41:06 [root] INFO: Find keyword <UTILITY> in product <SPORT UTILITY TRACK PANT - PALE PURPLE>
2020-02-23 18:41:06 [root] INFO: Product <SPORT UTILITY TRACK PANT - PALE PURPLE> already exists in the database.
2020-02-23 18:41:06 [root] INFO: Find keyword <Hoodie> in product <LeBicar X OTH Hoodie Black>
2020-02-23 18:41:06 [root] INFO: Product <LeBicar X OTH Hoodie Black> already exists in the database.
2020-02-23 18:41:06 [root] INFO: Find keyword <Hoodie> in product <CLASSIC OWL HOODIE - WHITE POLKA DOT>
2020-02-23 18:41:06 [root] INFO: Product <CLASSIC OWL HOODIE - WHITE POLKA DOT> already exists in the database.
2020-02-23 18:41:06 [root] INFO: Find keyword <UTILITY> in product <SPORT UTILITY TRACK PANT - BLACK>
2020-02-23 18:41:06 [root] INFO: Product <SPORT UTILITY TRACK PANT - BLACK> already exists in the database.
2020-02-23 18:41:06 [root] INFO: Find keyword <Hoodie> in product <CLASSIC OWL HOODIE - PALE PURPLE>
2020-02-23 18:41:06 [root] INFO: Product <CLASSIC OWL HOODIE - PALE PURPLE> already exists in the database.
2020-02-23 18:41:06 [root] INFO: Find keyword <Hoodie> in product <CLASSIC OWL HOODIE - RED POLKA DOT>
2020-02-23 18:41:06 [root] INFO: Product <CLASSIC OWL HOODIE - RED POLKA DOT> already exists in the database.
2020-02-23 18:41:06 [root] INFO: Find keyword <EMBROIDERED> in product <EMBROIDERED RUNNER LOGO SWEATPANT - DUSTY BLUE>
2020-02-23 18:41:06 [root] INFO: Product <EMBROIDERED RUNNER LOGO SWEATPANT - DUSTY BLUE> already exists in the database.
2020-02-23 18:41:06 [root] INFO: Find keyword <Hoodie> in product <SPORT UTILITY ZIP HOODIE - BLACK>
2020-02-23 18:41:06 [root] INFO: Product <SPORT UTILITY ZIP HOODIE - BLACK> already exists in the database.
2020-02-23 18:41:06 [root] INFO: Find keyword <EMBROIDERED> in product <EMBROIDERED RUNNER LOGO CREWNECK - BLACK>
2020-02-23 18:41:06 [root] INFO: Product <EMBROIDERED RUNNER LOGO CREWNECK - BLACK> already exists in the database.
2020-02-23 18:41:07 [root] INFO: Find keyword <Hoodie> in product <SPORT UTILITY ZIP HOODIE - PALE PURPLE>
2020-02-23 18:41:07 [root] INFO: Product <SPORT UTILITY ZIP HOODIE - PALE PURPLE> already exists in the database.
2020-02-23 18:41:08 [root] INFO: Find keyword <Hoodie> in product <CLASSIC OWL HOODIE - BLACK>
2020-02-23 18:41:08 [root] INFO: Product <CLASSIC OWL HOODIE - BLACK> already exists in the database.
2020-02-23 18:41:10 [root] INFO: Find keyword <Adilette> in product <Adilette Boost Black>
2020-02-23 18:41:10 [root] INFO: Product <Adilette Boost Black> already exists in the database.
2020-02-23 18:41:13 [root] INFO: Find keyword <BLACK POLKA DOT> in product <CLASSIC OWL LONGSLEEVE T-SHIRT - BLACK POLKA DOT>
2020-02-23 18:41:13 [root] INFO: Product <CLASSIC OWL LONGSLEEVE T-SHIRT - BLACK POLKA DOT> already exists in the database.
2020-02-23 18:41:53 [scrapy.core.scraper] ERROR: Error downloading <GET https://nrml.ca/products/ultralight-tour-small-107467-03605-os.json>
Traceback (most recent call last):
  File "d:\software\anaconda3\envs\bole\lib\site-packages\twisted\internet\defer.py", line 1416, in _inlineCallbacks
    result = result.throwExceptionIntoGenerator(g)
  File "d:\software\anaconda3\envs\bole\lib\site-packages\twisted\python\failure.py", line 512, in throwExceptionIntoGenerator
    return g.throw(self.type, self.value, self.tb)
  File "d:\software\anaconda3\envs\bole\lib\site-packages\scrapy\core\downloader\middleware.py", line 44, in process_request
    defer.returnValue((yield download_func(request=request, spider=spider)))
  File "d:\software\anaconda3\envs\bole\lib\site-packages\twisted\internet\defer.py", line 654, in _runCallbacks
    current.result = callback(current.result, *args, **kw)
  File "d:\software\anaconda3\envs\bole\lib\site-packages\scrapy\core\downloader\handlers\http11.py", line 365, in _cb_timeout
    raise TimeoutError("Getting %s took longer than %s seconds." % (url, timeout))
twisted.internet.error.TimeoutError: User timeout caused connection failure: Getting https://nrml.ca/products/ultralight-tour-small-107467-03605-os.json took longer than 50.0 seconds..
2020-02-23 18:41:54 [scrapy.core.engine] INFO: Closing spider (finished)
2020-02-23 18:41:54 [scrapy.statscollectors] INFO: Dumping Scrapy stats:
{'downloader/exception_count': 1,
 'downloader/exception_type_count/twisted.internet.error.TimeoutError': 1,
 'downloader/request_bytes': 25416,
 'downloader/request_count': 81,
 'downloader/request_method_count/GET': 81,
 'downloader/response_bytes': 314871,
 'downloader/response_count': 80,
 'downloader/response_status_count/200': 80,
 'elapsed_time_seconds': 52.942013,
 'finish_reason': 'finished',
 'finish_time': datetime.datetime(2020, 2, 23, 10, 41, 54, 28235),
 'item_scraped_count': 18,
 'log_count/ERROR': 1,
 'log_count/INFO': 48,
 'request_depth_max': 1,
 'response_received_count': 80,
 'robotstxt/request_count': 3,
 'robotstxt/response_count': 3,
 'robotstxt/response_status_count/200': 3,
 'scheduler/dequeued': 78,
 'scheduler/dequeued/memory': 78,
 'scheduler/enqueued': 78,
 'scheduler/enqueued/memory': 78,
 'start_time': datetime.datetime(2020, 2, 23, 10, 41, 1, 86222)}
2020-02-23 18:41:54 [scrapy.core.engine] INFO: Spider closed (finished)
2020-02-23 18:45:53 [scrapy.utils.log] INFO: Scrapy 1.8.0 started (bot: NERYS)
2020-02-23 18:45:53 [scrapy.utils.log] INFO: Versions: lxml 4.4.1.0, libxml2 2.9.5, cssselect 1.1.0, parsel 1.5.2, w3lib 1.21.0, Twisted 19.7.0, Python 3.7.5 (default, Oct 31 2019, 15:18:51) [MSC v.1916 64 bit (AMD64)], pyOpenSSL 19.0.0 (OpenSSL 1.1.1d  10 Sep 2019), cryptography 2.8, Platform Windows-10-10.0.18362-SP0
2020-02-23 18:45:53 [scrapy.crawler] INFO: Overridden settings: {'BOT_NAME': 'NERYS', 'CONCURRENT_REQUESTS': 100, 'CONCURRENT_REQUESTS_PER_DOMAIN': 100, 'CONCURRENT_REQUESTS_PER_IP': 100, 'COOKIES_ENABLED': False, 'DOWNLOAD_TIMEOUT': 50, 'LOG_FILE': 'log\\scrapy_2020_02_23.log', 'LOG_LEVEL': 'INFO', 'NEWSPIDER_MODULE': 'NERYS.spiders', 'RETRY_ENABLED': False, 'ROBOTSTXT_OBEY': True, 'SPIDER_MODULES': ['NERYS.spiders']}
2020-02-23 18:45:53 [scrapy.extensions.telnet] INFO: Telnet Password: ba3336e87239e509
2020-02-23 18:45:53 [scrapy.middleware] INFO: Enabled extensions:
['scrapy.extensions.corestats.CoreStats',
 'scrapy.extensions.telnet.TelnetConsole',
 'scrapy.extensions.logstats.LogStats']
2020-02-23 18:45:54 [scrapy.middleware] INFO: Enabled downloader middlewares:
['scrapy.downloadermiddlewares.robotstxt.RobotsTxtMiddleware',
 'NERYS.middlewares.GetFailedUrl',
 'scrapy.downloadermiddlewares.httpauth.HttpAuthMiddleware',
 'scrapy.downloadermiddlewares.downloadtimeout.DownloadTimeoutMiddleware',
 'scrapy.downloadermiddlewares.defaultheaders.DefaultHeadersMiddleware',
 'scrapy.downloadermiddlewares.useragent.UserAgentMiddleware',
 'scrapy.downloadermiddlewares.redirect.MetaRefreshMiddleware',
 'scrapy.downloadermiddlewares.httpcompression.HttpCompressionMiddleware',
 'scrapy.downloadermiddlewares.redirect.RedirectMiddleware',
 'scrapy.downloadermiddlewares.httpproxy.HttpProxyMiddleware',
 'scrapy.downloadermiddlewares.stats.DownloaderStats']
2020-02-23 18:45:54 [scrapy.middleware] INFO: Enabled spider middlewares:
['scrapy.spidermiddlewares.httperror.HttpErrorMiddleware',
 'scrapy.spidermiddlewares.offsite.OffsiteMiddleware',
 'NERYS.middlewares.RandomUserAgentMiddleware',
 'NERYS.middlewares.NerysSpiderMiddleware',
 'scrapy.spidermiddlewares.referer.RefererMiddleware',
 'scrapy.spidermiddlewares.urllength.UrlLengthMiddleware',
 'scrapy.spidermiddlewares.depth.DepthMiddleware']
2020-02-23 18:45:54 [scrapy.middleware] INFO: Enabled item pipelines:
['NERYS.pipelines.SqlitePipeline']
2020-02-23 18:45:54 [scrapy.core.engine] INFO: Spider opened
2020-02-23 18:45:54 [root] INFO: Connect sqlite successful
2020-02-23 18:45:54 [scrapy.extensions.logstats] INFO: Crawled 0 pages (at 0 pages/min), scraped 0 items (at 0 items/min)
2020-02-23 18:45:54 [shopify] INFO: Spider opened: shopify
2020-02-23 18:45:54 [scrapy.extensions.telnet] INFO: Telnet console listening on 127.0.0.1:6023
2020-02-23 18:45:57 [root] INFO: Find keyword <Hoodie> in product <LeBicar X OTH Hoodie Black>
2020-02-23 18:45:57 [root] INFO: Product <LeBicar X OTH Hoodie Black> already exists in the database.
2020-02-23 18:45:57 [root] INFO: Find keyword <EMBROIDERED> in product <EMBROIDERED RUNNER LOGO SWEATPANT - FERN>
2020-02-23 18:45:57 [root] INFO: Product <EMBROIDERED RUNNER LOGO SWEATPANT - FERN> already exists in the database.
2020-02-23 18:45:58 [root] INFO: Find keyword <Hoodie> in product <SPORT UTILITY ZIP HOODIE - PALE PURPLE>
2020-02-23 18:45:58 [root] INFO: Product <SPORT UTILITY ZIP HOODIE - PALE PURPLE> already exists in the database.
2020-02-23 18:45:58 [root] INFO: Find keyword <Hoodie> in product <CLASSIC OWL HOODIE - WHITE POLKA DOT>
2020-02-23 18:45:58 [root] INFO: Product <CLASSIC OWL HOODIE - WHITE POLKA DOT> already exists in the database.
2020-02-23 18:45:58 [root] INFO: Find keyword <Adilette> in product <Adilette Boost Black>
2020-02-23 18:45:58 [root] INFO: Product <Adilette Boost Black> already exists in the database.
2020-02-23 18:45:58 [root] INFO: Find keyword <UTILITY> in product <SPORT UTILITY TRACK JACKET - BLACK>
2020-02-23 18:45:58 [root] INFO: Product <SPORT UTILITY TRACK JACKET - BLACK> already exists in the database.
2020-02-23 18:45:58 [root] INFO: Find keyword <EMBROIDERED> in product <EMBROIDERED RUNNER LOGO CREWNECK - BLACK>
2020-02-23 18:45:58 [root] INFO: Product <EMBROIDERED RUNNER LOGO CREWNECK - BLACK> already exists in the database.
2020-02-23 18:45:59 [root] INFO: Find keyword <UTILITY> in product <SPORT UTILITY TRACK PANT - BLACK>
2020-02-23 18:45:59 [root] INFO: Product <SPORT UTILITY TRACK PANT - BLACK> already exists in the database.
2020-02-23 18:45:59 [root] INFO: Find keyword <Hoodie> in product <CLASSIC OWL HOODIE - RED POLKA DOT>
2020-02-23 18:45:59 [root] INFO: Product <CLASSIC OWL HOODIE - RED POLKA DOT> already exists in the database.
2020-02-23 18:45:59 [root] INFO: Find keyword <Hoodie> in product <CLASSIC OWL HOODIE - PALE PURPLE>
2020-02-23 18:45:59 [root] INFO: Product <CLASSIC OWL HOODIE - PALE PURPLE> already exists in the database.
2020-02-23 18:45:59 [root] INFO: Find keyword <Hoodie> in product <CLASSIC OWL HOODIE - BLACK>
2020-02-23 18:45:59 [root] INFO: Product <CLASSIC OWL HOODIE - BLACK> already exists in the database.
2020-02-23 18:45:59 [root] INFO: Find keyword <Hoodie> in product <SPORT UTILITY ZIP HOODIE - BLACK>
2020-02-23 18:45:59 [root] INFO: Product <SPORT UTILITY ZIP HOODIE - BLACK> already exists in the database.
2020-02-23 18:46:00 [scrapy.utils.log] INFO: Scrapy 1.8.0 started (bot: NERYS)
2020-02-23 18:46:00 [scrapy.utils.log] INFO: Versions: lxml 4.4.1.0, libxml2 2.9.5, cssselect 1.1.0, parsel 1.5.2, w3lib 1.21.0, Twisted 19.7.0, Python 3.7.5 (default, Oct 31 2019, 15:18:51) [MSC v.1916 64 bit (AMD64)], pyOpenSSL 19.0.0 (OpenSSL 1.1.1d  10 Sep 2019), cryptography 2.8, Platform Windows-10-10.0.18362-SP0
2020-02-23 18:46:00 [scrapy.crawler] INFO: Overridden settings: {'BOT_NAME': 'NERYS', 'CONCURRENT_REQUESTS': 100, 'CONCURRENT_REQUESTS_PER_DOMAIN': 100, 'CONCURRENT_REQUESTS_PER_IP': 100, 'COOKIES_ENABLED': False, 'DOWNLOAD_TIMEOUT': 50, 'LOG_FILE': 'log\\scrapy_2020_02_23.log', 'LOG_LEVEL': 'INFO', 'NEWSPIDER_MODULE': 'NERYS.spiders', 'RETRY_ENABLED': False, 'ROBOTSTXT_OBEY': True, 'SPIDER_MODULES': ['NERYS.spiders']}
2020-02-23 18:46:00 [scrapy.extensions.telnet] INFO: Telnet Password: 250a26e8049c6a81
2020-02-23 18:46:00 [scrapy.middleware] INFO: Enabled extensions:
['scrapy.extensions.corestats.CoreStats',
 'scrapy.extensions.telnet.TelnetConsole',
 'scrapy.extensions.logstats.LogStats']
2020-02-23 18:46:00 [root] INFO: Find keyword <EMBROIDERED> in product <EMBROIDERED RUNNER LOGO SWEATPANT - DUSTY BLUE>
2020-02-23 18:46:00 [root] INFO: Product <EMBROIDERED RUNNER LOGO SWEATPANT - DUSTY BLUE> already exists in the database.
2020-02-23 18:46:00 [root] INFO: Find keyword <EMBROIDERED> in product <EMBROIDERED RUNNER LOGO CREWNECK - FERN>
2020-02-23 18:46:00 [root] INFO: Product <EMBROIDERED RUNNER LOGO CREWNECK - FERN> already exists in the database.
2020-02-23 18:46:01 [scrapy.middleware] INFO: Enabled downloader middlewares:
['scrapy.downloadermiddlewares.robotstxt.RobotsTxtMiddleware',
 'NERYS.middlewares.GetFailedUrl',
 'scrapy.downloadermiddlewares.httpauth.HttpAuthMiddleware',
 'scrapy.downloadermiddlewares.downloadtimeout.DownloadTimeoutMiddleware',
 'scrapy.downloadermiddlewares.defaultheaders.DefaultHeadersMiddleware',
 'scrapy.downloadermiddlewares.useragent.UserAgentMiddleware',
 'scrapy.downloadermiddlewares.redirect.MetaRefreshMiddleware',
 'scrapy.downloadermiddlewares.httpcompression.HttpCompressionMiddleware',
 'scrapy.downloadermiddlewares.redirect.RedirectMiddleware',
 'scrapy.downloadermiddlewares.httpproxy.HttpProxyMiddleware',
 'scrapy.downloadermiddlewares.stats.DownloaderStats']
2020-02-23 18:46:01 [scrapy.middleware] INFO: Enabled spider middlewares:
['scrapy.spidermiddlewares.httperror.HttpErrorMiddleware',
 'scrapy.spidermiddlewares.offsite.OffsiteMiddleware',
 'NERYS.middlewares.RandomUserAgentMiddleware',
 'NERYS.middlewares.NerysSpiderMiddleware',
 'scrapy.spidermiddlewares.referer.RefererMiddleware',
 'scrapy.spidermiddlewares.urllength.UrlLengthMiddleware',
 'scrapy.spidermiddlewares.depth.DepthMiddleware']
2020-02-23 18:46:01 [scrapy.middleware] INFO: Enabled item pipelines:
['NERYS.pipelines.SqlitePipeline']
2020-02-23 18:46:01 [scrapy.core.engine] INFO: Spider opened
2020-02-23 18:46:01 [root] INFO: Connect sqlite successful
2020-02-23 18:46:01 [scrapy.extensions.logstats] INFO: Crawled 0 pages (at 0 pages/min), scraped 0 items (at 0 items/min)
2020-02-23 18:46:01 [shopify] INFO: Spider opened: shopify
2020-02-23 18:46:01 [scrapy.extensions.telnet] INFO: Telnet console listening on 127.0.0.1:6024
2020-02-23 18:46:01 [root] INFO: Find keyword <UTILITY> in product <SPORT UTILITY TRACK PANT - PALE PURPLE>
2020-02-23 18:46:01 [root] INFO: Product <SPORT UTILITY TRACK PANT - PALE PURPLE> already exists in the database.
2020-02-23 18:46:01 [root] INFO: Find keyword <UTILITY> in product <SPORT UTILITY TRACK JACKET - PALE PURPLE>
2020-02-23 18:46:01 [root] INFO: Product <SPORT UTILITY TRACK JACKET - PALE PURPLE> already exists in the database.
2020-02-23 18:46:01 [root] INFO: Find keyword <EMBROIDERED> in product <EMBROIDERED RUNNER LOGO CREWNECK - DUSTY BLUE>
2020-02-23 18:46:01 [root] INFO: Product <EMBROIDERED RUNNER LOGO CREWNECK - DUSTY BLUE> already exists in the database.
2020-02-23 18:46:03 [root] INFO: Find keyword <BLACK POLKA DOT> in product <CLASSIC OWL LONGSLEEVE T-SHIRT - BLACK POLKA DOT>
2020-02-23 18:46:03 [root] INFO: Product <CLASSIC OWL LONGSLEEVE T-SHIRT - BLACK POLKA DOT> already exists in the database.
2020-02-23 18:46:03 [root] INFO: Find keyword <EMBROIDERED> in product <EMBROIDERED RUNNER LOGO SWEATPANT - FERN>
2020-02-23 18:46:09 [root] ERROR: Insert item data into sqlite error.database is locked
2020-02-23 18:46:09 [root] INFO: Find keyword <Hoodie> in product <CLASSIC OWL HOODIE - PALE PURPLE>
2020-02-23 18:46:14 [root] ERROR: Insert item data into sqlite error.database is locked
2020-02-23 18:46:14 [root] INFO: Find keyword <Hoodie> in product <CLASSIC OWL HOODIE - WHITE POLKA DOT>
2020-02-23 18:46:19 [root] ERROR: Insert item data into sqlite error.database is locked
2020-02-23 18:46:19 [root] INFO: Find keyword <Hoodie> in product <SPORT UTILITY ZIP HOODIE - BLACK>
2020-02-23 18:46:19 [root] INFO: Find keyword <EMBROIDERED> in product <EMBROIDERED RUNNER LOGO CREWNECK - DUSTY BLUE>
2020-02-23 18:46:19 [root] INFO: Find keyword <EMBROIDERED> in product <EMBROIDERED RUNNER LOGO CREWNECK - FERN>
2020-02-23 18:46:19 [root] INFO: Find keyword <Hoodie> in product <CLASSIC OWL HOODIE - RED POLKA DOT>
2020-02-23 18:46:19 [root] INFO: Find keyword <UTILITY> in product <SPORT UTILITY TRACK PANT - BLACK>
2020-02-23 18:46:19 [root] INFO: Find keyword <EMBROIDERED> in product <EMBROIDERED RUNNER LOGO CREWNECK - BLACK>
2020-02-23 18:46:19 [root] INFO: Find keyword <Hoodie> in product <CLASSIC OWL HOODIE - BLACK>
2020-02-23 18:46:19 [root] INFO: Find keyword <UTILITY> in product <SPORT UTILITY TRACK PANT - PALE PURPLE>
2020-02-23 18:46:20 [scrapy.core.scraper] ERROR: Error downloading <GET https://offthehook.ca/products/100030125-ryl-micro-beanie-royal.json>
Traceback (most recent call last):
  File "d:\software\anaconda3\envs\bole\lib\site-packages\scrapy\core\downloader\middleware.py", line 44, in process_request
    defer.returnValue((yield download_func(request=request, spider=spider)))
twisted.web._newclient.ResponseNeverReceived: [<twisted.python.failure.Failure twisted.internet.error.ConnectionLost: Connection to the other side was lost in a non-clean fashion: Connection lost.>]
2020-02-23 18:46:21 [scrapy.core.scraper] ERROR: Error downloading <GET https://nrml.ca/products/sylas-cl-1167-1230.json>
Traceback (most recent call last):
  File "d:\software\anaconda3\envs\bole\lib\site-packages\scrapy\core\downloader\middleware.py", line 44, in process_request
    defer.returnValue((yield download_func(request=request, spider=spider)))
twisted.web._newclient.ResponseNeverReceived: [<twisted.python.failure.Failure twisted.internet.error.ConnectionLost: Connection to the other side was lost in a non-clean fashion: Connection lost.>]
2020-02-23 18:46:24 [root] ERROR: Insert item data into sqlite error.database is locked
2020-02-23 18:46:30 [root] ERROR: Insert item data into sqlite error.database is locked
2020-02-23 18:46:35 [root] ERROR: Insert item data into sqlite error.database is locked
2020-02-23 18:46:40 [root] ERROR: Insert item data into sqlite error.database is locked
2020-02-23 18:46:45 [root] ERROR: Insert item data into sqlite error.database is locked
2020-02-23 18:46:47 [scrapy.core.scraper] ERROR: Error downloading <GET https://nrml.ca/products/tour-small-10714-03606.json>
Traceback (most recent call last):
  File "d:\software\anaconda3\envs\bole\lib\site-packages\twisted\internet\defer.py", line 1416, in _inlineCallbacks
    result = result.throwExceptionIntoGenerator(g)
  File "d:\software\anaconda3\envs\bole\lib\site-packages\twisted\python\failure.py", line 512, in throwExceptionIntoGenerator
    return g.throw(self.type, self.value, self.tb)
  File "d:\software\anaconda3\envs\bole\lib\site-packages\scrapy\core\downloader\middleware.py", line 44, in process_request
    defer.returnValue((yield download_func(request=request, spider=spider)))
  File "d:\software\anaconda3\envs\bole\lib\site-packages\twisted\internet\defer.py", line 654, in _runCallbacks
    current.result = callback(current.result, *args, **kw)
  File "d:\software\anaconda3\envs\bole\lib\site-packages\scrapy\core\downloader\handlers\http11.py", line 365, in _cb_timeout
    raise TimeoutError("Getting %s took longer than %s seconds." % (url, timeout))
twisted.internet.error.TimeoutError: User timeout caused connection failure: Getting https://nrml.ca/products/tour-small-10714-03606.json took longer than 50.0 seconds..
2020-02-23 18:46:47 [scrapy.core.engine] INFO: Closing spider (finished)
2020-02-23 18:46:47 [scrapy.statscollectors] INFO: Dumping Scrapy stats:
{'downloader/exception_count': 3,
 'downloader/exception_type_count/twisted.internet.error.TimeoutError': 1,
 'downloader/exception_type_count/twisted.web._newclient.ResponseNeverReceived': 2,
 'downloader/request_bytes': 25416,
 'downloader/request_count': 81,
 'downloader/request_method_count/GET': 81,
 'downloader/response_bytes': 302946,
 'downloader/response_count': 78,
 'downloader/response_status_count/200': 78,
 'elapsed_time_seconds': 53.08507,
 'finish_reason': 'finished',
 'finish_time': datetime.datetime(2020, 2, 23, 10, 46, 47, 232586),
 'item_scraped_count': 18,
 'log_count/ERROR': 3,
 'log_count/INFO': 48,
 'request_depth_max': 1,
 'response_received_count': 78,
 'robotstxt/request_count': 3,
 'robotstxt/response_count': 3,
 'robotstxt/response_status_count/200': 3,
 'scheduler/dequeued': 78,
 'scheduler/dequeued/memory': 78,
 'scheduler/enqueued': 78,
 'scheduler/enqueued/memory': 78,
 'start_time': datetime.datetime(2020, 2, 23, 10, 45, 54, 147516)}
2020-02-23 18:46:47 [scrapy.core.engine] INFO: Spider closed (finished)
2020-02-23 18:46:47 [root] INFO: Product <EMBROIDERED RUNNER LOGO CREWNECK - BLACK> already exists in the database.
2020-02-23 18:46:47 [root] INFO: Product <CLASSIC OWL HOODIE - BLACK> already exists in the database.
2020-02-23 18:46:47 [root] INFO: Product <SPORT UTILITY TRACK PANT - PALE PURPLE> already exists in the database.
2020-02-23 18:46:47 [root] INFO: Find keyword <EMBROIDERED> in product <EMBROIDERED RUNNER LOGO SWEATPANT - DUSTY BLUE>
2020-02-23 18:46:47 [root] INFO: Find keyword <BLACK POLKA DOT> in product <CLASSIC OWL LONGSLEEVE T-SHIRT - BLACK POLKA DOT>
2020-02-23 18:46:47 [root] INFO: Find keyword <UTILITY> in product <SPORT UTILITY TRACK JACKET - BLACK>
2020-02-23 18:46:47 [root] INFO: Find keyword <Hoodie> in product <SPORT UTILITY ZIP HOODIE - PALE PURPLE>
2020-02-23 18:46:47 [root] INFO: Product <EMBROIDERED RUNNER LOGO SWEATPANT - DUSTY BLUE> already exists in the database.
2020-02-23 18:46:47 [root] INFO: Product <CLASSIC OWL LONGSLEEVE T-SHIRT - BLACK POLKA DOT> already exists in the database.
2020-02-23 18:46:47 [root] INFO: Product <SPORT UTILITY TRACK JACKET - BLACK> already exists in the database.
2020-02-23 18:46:47 [root] INFO: Product <SPORT UTILITY ZIP HOODIE - PALE PURPLE> already exists in the database.
2020-02-23 18:46:47 [scrapy.core.scraper] ERROR: Error downloading <GET https://nrml.ca/products/lebron-17-bq3177-005.json>
Traceback (most recent call last):
  File "d:\software\anaconda3\envs\bole\lib\site-packages\scrapy\core\downloader\middleware.py", line 44, in process_request
    defer.returnValue((yield download_func(request=request, spider=spider)))
twisted.web._newclient.ResponseNeverReceived: [<twisted.python.failure.Failure twisted.internet.error.ConnectionLost: Connection to the other side was lost in a non-clean fashion: Connection lost.>]
2020-02-23 18:46:47 [scrapy.core.scraper] ERROR: Error downloading <GET https://nrml.ca/products/mid-wt-terry-rc-3207.json>
Traceback (most recent call last):
  File "d:\software\anaconda3\envs\bole\lib\site-packages\scrapy\core\downloader\middleware.py", line 44, in process_request
    defer.returnValue((yield download_func(request=request, spider=spider)))
twisted.web._newclient.ResponseNeverReceived: [<twisted.python.failure.Failure twisted.internet.error.ConnectionLost: Connection to the other side was lost in a non-clean fashion: Connection lost.>]
2020-02-23 18:46:47 [scrapy.core.scraper] ERROR: Error downloading <GET https://ca.octobersveryown.com/products/sport-utility-track-jacket-pale-purple.json>
Traceback (most recent call last):
  File "d:\software\anaconda3\envs\bole\lib\site-packages\scrapy\core\downloader\middleware.py", line 44, in process_request
    defer.returnValue((yield download_func(request=request, spider=spider)))
twisted.web._newclient.ResponseNeverReceived: [<twisted.python.failure.Failure twisted.internet.error.ConnectionLost: Connection to the other side was lost in a non-clean fashion: Connection lost.>]
2020-02-23 18:46:47 [scrapy.core.scraper] ERROR: Error downloading <GET https://nrml.ca/products/air-force-1-07-qs-ct8441-002.json>
Traceback (most recent call last):
  File "d:\software\anaconda3\envs\bole\lib\site-packages\scrapy\core\downloader\middleware.py", line 44, in process_request
    defer.returnValue((yield download_func(request=request, spider=spider)))
twisted.web._newclient.ResponseNeverReceived: [<twisted.python.failure.Failure twisted.internet.error.ConnectionLost: Connection to the other side was lost in a non-clean fashion: Connection lost.>]
2020-02-23 18:46:47 [scrapy.core.scraper] ERROR: Error downloading <GET https://nrml.ca/products/bb-4000-mu-fw7565.json>
Traceback (most recent call last):
  File "d:\software\anaconda3\envs\bole\lib\site-packages\scrapy\core\downloader\middleware.py", line 44, in process_request
    defer.returnValue((yield download_func(request=request, spider=spider)))
twisted.web._newclient.ResponseNeverReceived: [<twisted.python.failure.Failure twisted.internet.error.ConnectionLost: Connection to the other side was lost in a non-clean fashion: Connection lost.>]
2020-02-23 18:46:49 [root] INFO: Find keyword <Adilette> in product <Adilette Boost Black>
2020-02-23 18:46:49 [root] INFO: Product <Adilette Boost Black> already exists in the database.
2020-02-23 18:46:49 [root] INFO: Find keyword <Hoodie> in product <LeBicar X OTH Hoodie Black>
2020-02-23 18:46:49 [root] INFO: Product <LeBicar X OTH Hoodie Black> already exists in the database.
2020-02-23 18:47:01 [scrapy.extensions.logstats] INFO: Crawled 74 pages (at 74 pages/min), scraped 17 items (at 17 items/min)
2020-02-23 18:47:09 [scrapy.core.scraper] ERROR: Error downloading <GET https://nrml.ca/products/hu-nmd-human-made-ef7223.json>
Traceback (most recent call last):
  File "d:\software\anaconda3\envs\bole\lib\site-packages\twisted\internet\defer.py", line 1416, in _inlineCallbacks
    result = result.throwExceptionIntoGenerator(g)
  File "d:\software\anaconda3\envs\bole\lib\site-packages\twisted\python\failure.py", line 512, in throwExceptionIntoGenerator
    return g.throw(self.type, self.value, self.tb)
  File "d:\software\anaconda3\envs\bole\lib\site-packages\scrapy\core\downloader\middleware.py", line 44, in process_request
    defer.returnValue((yield download_func(request=request, spider=spider)))
  File "d:\software\anaconda3\envs\bole\lib\site-packages\twisted\internet\defer.py", line 654, in _runCallbacks
    current.result = callback(current.result, *args, **kw)
  File "d:\software\anaconda3\envs\bole\lib\site-packages\scrapy\core\downloader\handlers\http11.py", line 365, in _cb_timeout
    raise TimeoutError("Getting %s took longer than %s seconds." % (url, timeout))
twisted.internet.error.TimeoutError: User timeout caused connection failure: Getting https://nrml.ca/products/hu-nmd-human-made-ef7223.json took longer than 50.0 seconds..
2020-02-23 18:47:33 [scrapy.utils.log] INFO: Scrapy 1.8.0 started (bot: NERYS)
2020-02-23 18:47:33 [scrapy.utils.log] INFO: Versions: lxml 4.4.1.0, libxml2 2.9.5, cssselect 1.1.0, parsel 1.5.2, w3lib 1.21.0, Twisted 19.7.0, Python 3.7.5 (default, Oct 31 2019, 15:18:51) [MSC v.1916 64 bit (AMD64)], pyOpenSSL 19.0.0 (OpenSSL 1.1.1d  10 Sep 2019), cryptography 2.8, Platform Windows-10-10.0.18362-SP0
2020-02-23 18:47:33 [scrapy.crawler] INFO: Overridden settings: {'BOT_NAME': 'NERYS', 'CONCURRENT_REQUESTS': 100, 'CONCURRENT_REQUESTS_PER_DOMAIN': 100, 'CONCURRENT_REQUESTS_PER_IP': 100, 'COOKIES_ENABLED': False, 'DOWNLOAD_TIMEOUT': 50, 'LOG_FILE': 'log\\scrapy_2020_02_23.log', 'LOG_LEVEL': 'INFO', 'NEWSPIDER_MODULE': 'NERYS.spiders', 'RETRY_ENABLED': False, 'ROBOTSTXT_OBEY': True, 'SPIDER_MODULES': ['NERYS.spiders']}
2020-02-23 18:47:33 [scrapy.extensions.telnet] INFO: Telnet Password: 346eb62bdb34f1ad
2020-02-23 18:47:33 [scrapy.middleware] INFO: Enabled extensions:
['scrapy.extensions.corestats.CoreStats',
 'scrapy.extensions.telnet.TelnetConsole',
 'scrapy.extensions.logstats.LogStats']
2020-02-23 18:47:33 [scrapy.middleware] INFO: Enabled downloader middlewares:
['scrapy.downloadermiddlewares.robotstxt.RobotsTxtMiddleware',
 'NERYS.middlewares.GetFailedUrl',
 'scrapy.downloadermiddlewares.httpauth.HttpAuthMiddleware',
 'scrapy.downloadermiddlewares.downloadtimeout.DownloadTimeoutMiddleware',
 'scrapy.downloadermiddlewares.defaultheaders.DefaultHeadersMiddleware',
 'scrapy.downloadermiddlewares.useragent.UserAgentMiddleware',
 'scrapy.downloadermiddlewares.redirect.MetaRefreshMiddleware',
 'scrapy.downloadermiddlewares.httpcompression.HttpCompressionMiddleware',
 'scrapy.downloadermiddlewares.redirect.RedirectMiddleware',
 'scrapy.downloadermiddlewares.httpproxy.HttpProxyMiddleware',
 'scrapy.downloadermiddlewares.stats.DownloaderStats']
2020-02-23 18:47:33 [scrapy.middleware] INFO: Enabled spider middlewares:
['scrapy.spidermiddlewares.httperror.HttpErrorMiddleware',
 'scrapy.spidermiddlewares.offsite.OffsiteMiddleware',
 'NERYS.middlewares.RandomUserAgentMiddleware',
 'NERYS.middlewares.NerysSpiderMiddleware',
 'scrapy.spidermiddlewares.referer.RefererMiddleware',
 'scrapy.spidermiddlewares.urllength.UrlLengthMiddleware',
 'scrapy.spidermiddlewares.depth.DepthMiddleware']
2020-02-23 18:47:33 [scrapy.middleware] INFO: Enabled item pipelines:
['NERYS.pipelines.SqlitePipeline']
2020-02-23 18:47:33 [scrapy.core.engine] INFO: Spider opened
2020-02-23 18:47:33 [root] INFO: Connect sqlite successful
2020-02-23 18:47:33 [scrapy.extensions.logstats] INFO: Crawled 0 pages (at 0 pages/min), scraped 0 items (at 0 items/min)
2020-02-23 18:47:33 [shopify] INFO: Spider opened: shopify
2020-02-23 18:47:33 [scrapy.extensions.telnet] INFO: Telnet console listening on 127.0.0.1:6023
2020-02-23 18:47:36 [root] INFO: Find keyword <EMBROIDERED> in product <EMBROIDERED RUNNER LOGO SWEATPANT - FERN>
2020-02-23 18:47:37 [scrapy.core.scraper] ERROR: Error downloading <GET https://offthehook.ca/products/100570110-blk-vanish-strapback-black.json>
Traceback (most recent call last):
  File "d:\software\anaconda3\envs\bole\lib\site-packages\twisted\internet\defer.py", line 1416, in _inlineCallbacks
    result = result.throwExceptionIntoGenerator(g)
  File "d:\software\anaconda3\envs\bole\lib\site-packages\twisted\python\failure.py", line 512, in throwExceptionIntoGenerator
    return g.throw(self.type, self.value, self.tb)
  File "d:\software\anaconda3\envs\bole\lib\site-packages\scrapy\core\downloader\middleware.py", line 44, in process_request
    defer.returnValue((yield download_func(request=request, spider=spider)))
  File "d:\software\anaconda3\envs\bole\lib\site-packages\twisted\internet\defer.py", line 654, in _runCallbacks
    current.result = callback(current.result, *args, **kw)
  File "d:\software\anaconda3\envs\bole\lib\site-packages\scrapy\core\downloader\handlers\http11.py", line 365, in _cb_timeout
    raise TimeoutError("Getting %s took longer than %s seconds." % (url, timeout))
twisted.internet.error.TimeoutError: User timeout caused connection failure: Getting https://offthehook.ca/products/100570110-blk-vanish-strapback-black.json took longer than 50.0 seconds..
2020-02-23 18:47:37 [scrapy.core.engine] INFO: Closing spider (finished)
2020-02-23 18:47:37 [scrapy.statscollectors] INFO: Dumping Scrapy stats:
{'downloader/exception_count': 7,
 'downloader/exception_type_count/twisted.internet.error.TimeoutError': 2,
 'downloader/exception_type_count/twisted.web._newclient.ResponseNeverReceived': 5,
 'downloader/request_bytes': 25416,
 'downloader/request_count': 81,
 'downloader/request_method_count/GET': 81,
 'downloader/response_bytes': 289922,
 'downloader/response_count': 74,
 'downloader/response_status_count/200': 74,
 'elapsed_time_seconds': 96.575194,
 'finish_reason': 'finished',
 'finish_time': datetime.datetime(2020, 2, 23, 10, 47, 37, 813637),
 'item_scraped_count': 17,
 'log_count/ERROR': 15,
 'log_count/INFO': 39,
 'request_depth_max': 1,
 'response_received_count': 74,
 'robotstxt/request_count': 3,
 'robotstxt/response_count': 3,
 'robotstxt/response_status_count/200': 3,
 'scheduler/dequeued': 78,
 'scheduler/dequeued/memory': 78,
 'scheduler/enqueued': 78,
 'scheduler/enqueued/memory': 78,
 'start_time': datetime.datetime(2020, 2, 23, 10, 46, 1, 238443)}
2020-02-23 18:47:37 [scrapy.core.engine] INFO: Spider closed (finished)
2020-02-23 18:47:37 [root] INFO: Product <EMBROIDERED RUNNER LOGO SWEATPANT - FERN> already exists in the database.
2020-02-23 18:47:38 [root] INFO: Find keyword <BLACK POLKA DOT> in product <CLASSIC OWL LONGSLEEVE T-SHIRT - BLACK POLKA DOT>
2020-02-23 18:47:38 [root] INFO: Product <CLASSIC OWL LONGSLEEVE T-SHIRT - BLACK POLKA DOT> already exists in the database.
2020-02-23 18:47:38 [root] INFO: Find keyword <Hoodie> in product <SPORT UTILITY ZIP HOODIE - PALE PURPLE>
2020-02-23 18:47:38 [root] INFO: Product <SPORT UTILITY ZIP HOODIE - PALE PURPLE> already exists in the database.
2020-02-23 18:47:38 [root] INFO: Find keyword <EMBROIDERED> in product <EMBROIDERED RUNNER LOGO CREWNECK - FERN>
2020-02-23 18:47:38 [root] INFO: Product <EMBROIDERED RUNNER LOGO CREWNECK - FERN> already exists in the database.
2020-02-23 18:47:38 [root] INFO: Find keyword <Hoodie> in product <CLASSIC OWL HOODIE - RED POLKA DOT>
2020-02-23 18:47:38 [root] INFO: Find keyword <Hoodie> in product <CLASSIC OWL HOODIE - PALE PURPLE>
2020-02-23 18:47:38 [root] INFO: Product <CLASSIC OWL HOODIE - RED POLKA DOT> already exists in the database.
2020-02-23 18:47:38 [root] INFO: Product <CLASSIC OWL HOODIE - PALE PURPLE> already exists in the database.
2020-02-23 18:47:38 [root] INFO: Find keyword <Hoodie> in product <SPORT UTILITY ZIP HOODIE - BLACK>
2020-02-23 18:47:38 [root] INFO: Find keyword <EMBROIDERED> in product <EMBROIDERED RUNNER LOGO CREWNECK - BLACK>
2020-02-23 18:47:38 [root] INFO: Product <SPORT UTILITY ZIP HOODIE - BLACK> already exists in the database.
2020-02-23 18:47:38 [root] INFO: Find keyword <Hoodie> in product <CLASSIC OWL HOODIE - WHITE POLKA DOT>
2020-02-23 18:47:38 [root] INFO: Product <EMBROIDERED RUNNER LOGO CREWNECK - BLACK> already exists in the database.
2020-02-23 18:47:38 [root] INFO: Product <CLASSIC OWL HOODIE - WHITE POLKA DOT> already exists in the database.
2020-02-23 18:47:38 [root] INFO: Find keyword <UTILITY> in product <SPORT UTILITY TRACK PANT - BLACK>
2020-02-23 18:47:38 [root] INFO: Product <SPORT UTILITY TRACK PANT - BLACK> already exists in the database.
2020-02-23 18:47:38 [root] INFO: Find keyword <UTILITY> in product <SPORT UTILITY TRACK JACKET - BLACK>
2020-02-23 18:47:39 [root] INFO: Product <SPORT UTILITY TRACK JACKET - BLACK> already exists in the database.
2020-02-23 18:47:39 [root] INFO: Find keyword <EMBROIDERED> in product <EMBROIDERED RUNNER LOGO CREWNECK - DUSTY BLUE>
2020-02-23 18:47:39 [root] INFO: Find keyword <Hoodie> in product <CLASSIC OWL HOODIE - BLACK>
2020-02-23 18:47:39 [root] INFO: Product <EMBROIDERED RUNNER LOGO CREWNECK - DUSTY BLUE> already exists in the database.
2020-02-23 18:47:39 [root] INFO: Product <CLASSIC OWL HOODIE - BLACK> already exists in the database.
2020-02-23 18:47:39 [root] INFO: Find keyword <Adilette> in product <Adilette Boost Black>
2020-02-23 18:47:39 [root] INFO: Product <Adilette Boost Black> already exists in the database.
2020-02-23 18:47:40 [root] INFO: Find keyword <UTILITY> in product <SPORT UTILITY TRACK JACKET - PALE PURPLE>
2020-02-23 18:47:40 [root] INFO: Product <SPORT UTILITY TRACK JACKET - PALE PURPLE> already exists in the database.
2020-02-23 18:47:40 [root] INFO: Find keyword <UTILITY> in product <SPORT UTILITY TRACK PANT - PALE PURPLE>
2020-02-23 18:47:40 [root] INFO: Product <SPORT UTILITY TRACK PANT - PALE PURPLE> already exists in the database.
2020-02-23 18:47:40 [root] INFO: Find keyword <Hoodie> in product <LeBicar X OTH Hoodie Black>
2020-02-23 18:47:40 [root] INFO: Product <LeBicar X OTH Hoodie Black> already exists in the database.
2020-02-23 18:47:41 [root] INFO: Find keyword <EMBROIDERED> in product <EMBROIDERED RUNNER LOGO SWEATPANT - DUSTY BLUE>
2020-02-23 18:47:41 [root] INFO: Product <EMBROIDERED RUNNER LOGO SWEATPANT - DUSTY BLUE> already exists in the database.
2020-02-23 18:48:08 [scrapy.crawler] INFO: Received SIGINT, shutting down gracefully. Send again to force 
2020-02-23 18:48:08 [scrapy.core.engine] INFO: Closing spider (shutdown)
2020-02-23 18:48:09 [scrapy.crawler] INFO: Received SIGINT twice, forcing unclean shutdown
2020-02-23 18:48:11 [scrapy.utils.log] INFO: Scrapy 1.8.0 started (bot: NERYS)
2020-02-23 18:48:11 [scrapy.utils.log] INFO: Versions: lxml 4.4.1.0, libxml2 2.9.5, cssselect 1.1.0, parsel 1.5.2, w3lib 1.21.0, Twisted 19.7.0, Python 3.7.5 (default, Oct 31 2019, 15:18:51) [MSC v.1916 64 bit (AMD64)], pyOpenSSL 19.0.0 (OpenSSL 1.1.1d  10 Sep 2019), cryptography 2.8, Platform Windows-10-10.0.18362-SP0
2020-02-23 18:48:11 [scrapy.crawler] INFO: Overridden settings: {'BOT_NAME': 'NERYS', 'CONCURRENT_REQUESTS': 100, 'CONCURRENT_REQUESTS_PER_DOMAIN': 100, 'CONCURRENT_REQUESTS_PER_IP': 100, 'COOKIES_ENABLED': False, 'DOWNLOAD_TIMEOUT': 50, 'LOG_FILE': 'log\\scrapy_2020_02_23.log', 'LOG_LEVEL': 'INFO', 'NEWSPIDER_MODULE': 'NERYS.spiders', 'RETRY_ENABLED': False, 'ROBOTSTXT_OBEY': True, 'SPIDER_MODULES': ['NERYS.spiders']}
2020-02-23 18:48:11 [scrapy.extensions.telnet] INFO: Telnet Password: 54c9078fe173eff8
2020-02-23 18:48:11 [scrapy.middleware] INFO: Enabled extensions:
['scrapy.extensions.corestats.CoreStats',
 'scrapy.extensions.telnet.TelnetConsole',
 'scrapy.extensions.logstats.LogStats']
2020-02-23 18:48:12 [scrapy.middleware] INFO: Enabled downloader middlewares:
['scrapy.downloadermiddlewares.robotstxt.RobotsTxtMiddleware',
 'NERYS.middlewares.GetFailedUrl',
 'scrapy.downloadermiddlewares.httpauth.HttpAuthMiddleware',
 'scrapy.downloadermiddlewares.downloadtimeout.DownloadTimeoutMiddleware',
 'scrapy.downloadermiddlewares.defaultheaders.DefaultHeadersMiddleware',
 'scrapy.downloadermiddlewares.useragent.UserAgentMiddleware',
 'scrapy.downloadermiddlewares.redirect.MetaRefreshMiddleware',
 'scrapy.downloadermiddlewares.httpcompression.HttpCompressionMiddleware',
 'scrapy.downloadermiddlewares.redirect.RedirectMiddleware',
 'scrapy.downloadermiddlewares.httpproxy.HttpProxyMiddleware',
 'scrapy.downloadermiddlewares.stats.DownloaderStats']
2020-02-23 18:48:12 [scrapy.middleware] INFO: Enabled spider middlewares:
['scrapy.spidermiddlewares.httperror.HttpErrorMiddleware',
 'scrapy.spidermiddlewares.offsite.OffsiteMiddleware',
 'NERYS.middlewares.RandomUserAgentMiddleware',
 'NERYS.middlewares.NerysSpiderMiddleware',
 'scrapy.spidermiddlewares.referer.RefererMiddleware',
 'scrapy.spidermiddlewares.urllength.UrlLengthMiddleware',
 'scrapy.spidermiddlewares.depth.DepthMiddleware']
2020-02-23 18:48:12 [scrapy.middleware] INFO: Enabled item pipelines:
['NERYS.pipelines.SqlitePipeline']
2020-02-23 18:48:12 [scrapy.core.engine] INFO: Spider opened
2020-02-23 18:48:12 [root] INFO: Connect sqlite successful
2020-02-23 18:48:12 [scrapy.extensions.logstats] INFO: Crawled 0 pages (at 0 pages/min), scraped 0 items (at 0 items/min)
2020-02-23 18:48:12 [shopify] INFO: Spider opened: shopify
2020-02-23 18:48:12 [scrapy.extensions.telnet] INFO: Telnet console listening on 127.0.0.1:6023
2020-02-23 18:48:16 [root] INFO: Find keyword <EMBROIDERED> in product <EMBROIDERED RUNNER LOGO CREWNECK - DUSTY BLUE>
2020-02-23 18:48:16 [root] INFO: Product <EMBROIDERED RUNNER LOGO CREWNECK - DUSTY BLUE> already exists in the database.
2020-02-23 18:48:16 [root] INFO: Find keyword <Hoodie> in product <CLASSIC OWL HOODIE - BLACK>
2020-02-23 18:48:16 [root] INFO: Product <CLASSIC OWL HOODIE - BLACK> already exists in the database.
2020-02-23 18:48:16 [root] INFO: Find keyword <EMBROIDERED> in product <EMBROIDERED RUNNER LOGO SWEATPANT - FERN>
2020-02-23 18:48:16 [root] INFO: Product <EMBROIDERED RUNNER LOGO SWEATPANT - FERN> already exists in the database.
2020-02-23 18:48:17 [root] INFO: Find keyword <Hoodie> in product <CLASSIC OWL HOODIE - PALE PURPLE>
2020-02-23 18:48:17 [root] INFO: Product <CLASSIC OWL HOODIE - PALE PURPLE> already exists in the database.
2020-02-23 18:48:17 [root] INFO: Find keyword <Hoodie> in product <CLASSIC OWL HOODIE - RED POLKA DOT>
2020-02-23 18:48:17 [root] INFO: Product <CLASSIC OWL HOODIE - RED POLKA DOT> already exists in the database.
2020-02-23 18:48:17 [root] INFO: Find keyword <EMBROIDERED> in product <EMBROIDERED RUNNER LOGO SWEATPANT - DUSTY BLUE>
2020-02-23 18:48:17 [root] INFO: Product <EMBROIDERED RUNNER LOGO SWEATPANT - DUSTY BLUE> already exists in the database.
2020-02-23 18:48:17 [root] INFO: Find keyword <UTILITY> in product <SPORT UTILITY TRACK JACKET - PALE PURPLE>
2020-02-23 18:48:17 [root] INFO: Product <SPORT UTILITY TRACK JACKET - PALE PURPLE> already exists in the database.
2020-02-23 18:48:17 [root] INFO: Find keyword <UTILITY> in product <SPORT UTILITY TRACK PANT - PALE PURPLE>
2020-02-23 18:48:17 [root] INFO: Product <SPORT UTILITY TRACK PANT - PALE PURPLE> already exists in the database.
2020-02-23 18:48:17 [root] INFO: Find keyword <Hoodie> in product <SPORT UTILITY ZIP HOODIE - BLACK>
2020-02-23 18:48:17 [root] INFO: Product <SPORT UTILITY ZIP HOODIE - BLACK> already exists in the database.
2020-02-23 18:48:17 [root] INFO: Find keyword <Hoodie> in product <SPORT UTILITY ZIP HOODIE - PALE PURPLE>
2020-02-23 18:48:17 [root] INFO: Product <SPORT UTILITY ZIP HOODIE - PALE PURPLE> already exists in the database.
2020-02-23 18:48:17 [root] INFO: Find keyword <Adilette> in product <Adilette Boost Black>
2020-02-23 18:48:17 [root] INFO: Product <Adilette Boost Black> already exists in the database.
2020-02-23 18:48:17 [root] INFO: Find keyword <EMBROIDERED> in product <EMBROIDERED RUNNER LOGO CREWNECK - FERN>
2020-02-23 18:48:17 [root] INFO: Product <EMBROIDERED RUNNER LOGO CREWNECK - FERN> already exists in the database.
2020-02-23 18:48:17 [root] INFO: Find keyword <UTILITY> in product <SPORT UTILITY TRACK JACKET - BLACK>
2020-02-23 18:48:17 [root] INFO: Product <SPORT UTILITY TRACK JACKET - BLACK> already exists in the database.
2020-02-23 18:48:18 [root] INFO: Find keyword <EMBROIDERED> in product <EMBROIDERED RUNNER LOGO CREWNECK - BLACK>
2020-02-23 18:48:18 [root] INFO: Product <EMBROIDERED RUNNER LOGO CREWNECK - BLACK> already exists in the database.
2020-02-23 18:48:18 [root] INFO: Find keyword <UTILITY> in product <SPORT UTILITY TRACK PANT - BLACK>
2020-02-23 18:48:18 [root] INFO: Product <SPORT UTILITY TRACK PANT - BLACK> already exists in the database.
2020-02-23 18:48:19 [root] INFO: Find keyword <Hoodie> in product <CLASSIC OWL HOODIE - WHITE POLKA DOT>
2020-02-23 18:48:19 [root] INFO: Product <CLASSIC OWL HOODIE - WHITE POLKA DOT> already exists in the database.
2020-02-23 18:48:22 [root] INFO: Find keyword <Hoodie> in product <LeBicar X OTH Hoodie Black>
2020-02-23 18:48:22 [root] INFO: Product <LeBicar X OTH Hoodie Black> already exists in the database.
2020-02-23 18:48:36 [scrapy.core.scraper] ERROR: Error downloading <GET https://ca.octobersveryown.com/products/classic-owl-longsleeve-tshirt-black-polka-dot.json>
Traceback (most recent call last):
  File "d:\software\anaconda3\envs\bole\lib\site-packages\scrapy\core\downloader\middleware.py", line 44, in process_request
    defer.returnValue((yield download_func(request=request, spider=spider)))
twisted.web._newclient.ResponseNeverReceived: [<twisted.python.failure.Failure twisted.internet.error.ConnectionLost: Connection to the other side was lost in a non-clean fashion: Connection lost.>]
2020-02-23 18:48:39 [scrapy.core.engine] INFO: Closing spider (finished)
2020-02-23 18:48:39 [scrapy.statscollectors] INFO: Dumping Scrapy stats:
{'downloader/exception_count': 1,
 'downloader/exception_type_count/twisted.web._newclient.ResponseNeverReceived': 1,
 'downloader/request_bytes': 25416,
 'downloader/request_count': 81,
 'downloader/request_method_count/GET': 81,
 'downloader/response_bytes': 316038,
 'downloader/response_count': 80,
 'downloader/response_status_count/200': 80,
 'elapsed_time_seconds': 26.799096,
 'finish_reason': 'finished',
 'finish_time': datetime.datetime(2020, 2, 23, 10, 48, 39, 304920),
 'item_scraped_count': 17,
 'log_count/ERROR': 1,
 'log_count/INFO': 46,
 'request_depth_max': 1,
 'response_received_count': 80,
 'robotstxt/request_count': 3,
 'robotstxt/response_count': 3,
 'robotstxt/response_status_count/200': 3,
 'scheduler/dequeued': 78,
 'scheduler/dequeued/memory': 78,
 'scheduler/enqueued': 78,
 'scheduler/enqueued/memory': 78,
 'start_time': datetime.datetime(2020, 2, 23, 10, 48, 12, 505824)}
2020-02-23 18:48:39 [scrapy.core.engine] INFO: Spider closed (finished)
2020-02-23 18:51:01 [scrapy.utils.log] INFO: Scrapy 1.8.0 started (bot: NERYS)
2020-02-23 18:51:01 [scrapy.utils.log] INFO: Versions: lxml 4.4.1.0, libxml2 2.9.5, cssselect 1.1.0, parsel 1.5.2, w3lib 1.21.0, Twisted 19.7.0, Python 3.7.5 (default, Oct 31 2019, 15:18:51) [MSC v.1916 64 bit (AMD64)], pyOpenSSL 19.0.0 (OpenSSL 1.1.1d  10 Sep 2019), cryptography 2.8, Platform Windows-10-10.0.18362-SP0
2020-02-23 18:51:01 [scrapy.crawler] INFO: Overridden settings: {'BOT_NAME': 'NERYS', 'CONCURRENT_REQUESTS': 100, 'CONCURRENT_REQUESTS_PER_DOMAIN': 100, 'CONCURRENT_REQUESTS_PER_IP': 100, 'COOKIES_ENABLED': False, 'DOWNLOAD_TIMEOUT': 50, 'LOG_FILE': 'log\\scrapy_2020_02_23.log', 'LOG_LEVEL': 'INFO', 'NEWSPIDER_MODULE': 'NERYS.spiders', 'RETRY_ENABLED': False, 'ROBOTSTXT_OBEY': True, 'SPIDER_MODULES': ['NERYS.spiders']}
2020-02-23 18:51:01 [scrapy.extensions.telnet] INFO: Telnet Password: 037fbf9335fa18d2
2020-02-23 18:51:01 [scrapy.middleware] INFO: Enabled extensions:
['scrapy.extensions.corestats.CoreStats',
 'scrapy.extensions.telnet.TelnetConsole',
 'scrapy.extensions.logstats.LogStats']
2020-02-23 18:51:02 [scrapy.middleware] INFO: Enabled downloader middlewares:
['scrapy.downloadermiddlewares.robotstxt.RobotsTxtMiddleware',
 'NERYS.middlewares.GetFailedUrl',
 'scrapy.downloadermiddlewares.httpauth.HttpAuthMiddleware',
 'scrapy.downloadermiddlewares.downloadtimeout.DownloadTimeoutMiddleware',
 'scrapy.downloadermiddlewares.defaultheaders.DefaultHeadersMiddleware',
 'scrapy.downloadermiddlewares.useragent.UserAgentMiddleware',
 'scrapy.downloadermiddlewares.redirect.MetaRefreshMiddleware',
 'scrapy.downloadermiddlewares.httpcompression.HttpCompressionMiddleware',
 'scrapy.downloadermiddlewares.redirect.RedirectMiddleware',
 'scrapy.downloadermiddlewares.httpproxy.HttpProxyMiddleware',
 'scrapy.downloadermiddlewares.stats.DownloaderStats']
2020-02-23 18:51:02 [scrapy.middleware] INFO: Enabled spider middlewares:
['scrapy.spidermiddlewares.httperror.HttpErrorMiddleware',
 'scrapy.spidermiddlewares.offsite.OffsiteMiddleware',
 'NERYS.middlewares.RandomUserAgentMiddleware',
 'NERYS.middlewares.NerysSpiderMiddleware',
 'scrapy.spidermiddlewares.referer.RefererMiddleware',
 'scrapy.spidermiddlewares.urllength.UrlLengthMiddleware',
 'scrapy.spidermiddlewares.depth.DepthMiddleware']
2020-02-23 18:51:02 [scrapy.middleware] INFO: Enabled item pipelines:
['NERYS.pipelines.SqlitePipeline']
2020-02-23 18:51:02 [scrapy.core.engine] INFO: Spider opened
2020-02-23 18:51:02 [root] INFO: Connect sqlite successful
2020-02-23 18:51:02 [scrapy.extensions.logstats] INFO: Crawled 0 pages (at 0 pages/min), scraped 0 items (at 0 items/min)
2020-02-23 18:51:02 [shopify] INFO: Spider opened: shopify
2020-02-23 18:51:02 [scrapy.extensions.telnet] INFO: Telnet console listening on 127.0.0.1:6023
2020-02-23 18:51:05 [root] INFO: Find keyword <Hoodie> in product <LeBicar X OTH Hoodie Black>
2020-02-23 18:51:05 [root] INFO: Product <LeBicar X OTH Hoodie Black> already exists in the database.
2020-02-23 18:51:05 [root] INFO: Find keyword <EMBROIDERED> in product <EMBROIDERED RUNNER LOGO SWEATPANT - FERN>
2020-02-23 18:51:05 [root] INFO: Product <EMBROIDERED RUNNER LOGO SWEATPANT - FERN> already exists in the database.
2020-02-23 18:51:06 [root] INFO: Find keyword <EMBROIDERED> in product <EMBROIDERED RUNNER LOGO CREWNECK - DUSTY BLUE>
2020-02-23 18:51:06 [root] INFO: Product <EMBROIDERED RUNNER LOGO CREWNECK - DUSTY BLUE> already exists in the database.
2020-02-23 18:51:06 [root] INFO: Find keyword <BLACK POLKA DOT> in product <CLASSIC OWL LONGSLEEVE T-SHIRT - BLACK POLKA DOT>
2020-02-23 18:51:06 [root] INFO: Product <CLASSIC OWL LONGSLEEVE T-SHIRT - BLACK POLKA DOT> already exists in the database.
2020-02-23 18:51:06 [root] INFO: Find keyword <Hoodie> in product <SPORT UTILITY ZIP HOODIE - PALE PURPLE>
2020-02-23 18:51:06 [root] INFO: Product <SPORT UTILITY ZIP HOODIE - PALE PURPLE> already exists in the database.
2020-02-23 18:51:06 [root] INFO: Find keyword <UTILITY> in product <SPORT UTILITY TRACK PANT - PALE PURPLE>
2020-02-23 18:51:06 [root] INFO: Product <SPORT UTILITY TRACK PANT - PALE PURPLE> already exists in the database.
2020-02-23 18:51:06 [root] INFO: Find keyword <Adilette> in product <Adilette Boost Black>
2020-02-23 18:51:06 [root] INFO: Product <Adilette Boost Black> already exists in the database.
2020-02-23 18:51:06 [root] INFO: Find keyword <UTILITY> in product <SPORT UTILITY TRACK PANT - BLACK>
2020-02-23 18:51:06 [root] INFO: Product <SPORT UTILITY TRACK PANT - BLACK> already exists in the database.
2020-02-23 18:51:06 [root] INFO: Find keyword <EMBROIDERED> in product <EMBROIDERED RUNNER LOGO SWEATPANT - DUSTY BLUE>
2020-02-23 18:51:06 [root] INFO: Product <EMBROIDERED RUNNER LOGO SWEATPANT - DUSTY BLUE> already exists in the database.
2020-02-23 18:51:06 [root] INFO: Find keyword <UTILITY> in product <SPORT UTILITY TRACK JACKET - PALE PURPLE>
2020-02-23 18:51:06 [root] INFO: Product <SPORT UTILITY TRACK JACKET - PALE PURPLE> already exists in the database.
2020-02-23 18:51:07 [root] INFO: Find keyword <EMBROIDERED> in product <EMBROIDERED RUNNER LOGO CREWNECK - FERN>
2020-02-23 18:51:07 [root] INFO: Product <EMBROIDERED RUNNER LOGO CREWNECK - FERN> already exists in the database.
2020-02-23 18:51:07 [root] INFO: Find keyword <Hoodie> in product <SPORT UTILITY ZIP HOODIE - BLACK>
2020-02-23 18:51:07 [root] INFO: Product <SPORT UTILITY ZIP HOODIE - BLACK> already exists in the database.
2020-02-23 18:51:07 [root] INFO: Find keyword <EMBROIDERED> in product <EMBROIDERED RUNNER LOGO CREWNECK - BLACK>
2020-02-23 18:51:07 [root] INFO: Find keyword <Hoodie> in product <CLASSIC OWL HOODIE - PALE PURPLE>
2020-02-23 18:51:07 [root] INFO: Product <EMBROIDERED RUNNER LOGO CREWNECK - BLACK> already exists in the database.
2020-02-23 18:51:07 [root] INFO: Product <CLASSIC OWL HOODIE - PALE PURPLE> already exists in the database.
2020-02-23 18:51:07 [root] INFO: Find keyword <UTILITY> in product <SPORT UTILITY TRACK JACKET - BLACK>
2020-02-23 18:51:07 [root] INFO: Product <SPORT UTILITY TRACK JACKET - BLACK> already exists in the database.
2020-02-23 18:51:07 [root] INFO: Find keyword <Hoodie> in product <CLASSIC OWL HOODIE - WHITE POLKA DOT>
2020-02-23 18:51:07 [root] INFO: Product <CLASSIC OWL HOODIE - WHITE POLKA DOT> already exists in the database.
2020-02-23 18:51:08 [root] INFO: Find keyword <Hoodie> in product <CLASSIC OWL HOODIE - BLACK>
2020-02-23 18:51:08 [root] INFO: Product <CLASSIC OWL HOODIE - BLACK> already exists in the database.
2020-02-23 18:51:45 [scrapy.core.scraper] ERROR: Error downloading <GET https://nrml.ca/products/shaqnosis-ef3069.json>
Traceback (most recent call last):
  File "d:\software\anaconda3\envs\bole\lib\site-packages\scrapy\core\downloader\middleware.py", line 44, in process_request
    defer.returnValue((yield download_func(request=request, spider=spider)))
twisted.web._newclient.ResponseNeverReceived: [<twisted.python.failure.Failure twisted.internet.error.ConnectionLost: Connection to the other side was lost in a non-clean fashion: Connection lost.>]
2020-02-23 18:51:55 [scrapy.core.scraper] ERROR: Error downloading <GET https://ca.octobersveryown.com/products/classic-owl-hoodie-red-polka-dot.json>
Traceback (most recent call last):
  File "d:\software\anaconda3\envs\bole\lib\site-packages\twisted\internet\defer.py", line 1416, in _inlineCallbacks
    result = result.throwExceptionIntoGenerator(g)
  File "d:\software\anaconda3\envs\bole\lib\site-packages\twisted\python\failure.py", line 512, in throwExceptionIntoGenerator
    return g.throw(self.type, self.value, self.tb)
  File "d:\software\anaconda3\envs\bole\lib\site-packages\scrapy\core\downloader\middleware.py", line 44, in process_request
    defer.returnValue((yield download_func(request=request, spider=spider)))
  File "d:\software\anaconda3\envs\bole\lib\site-packages\twisted\internet\defer.py", line 654, in _runCallbacks
    current.result = callback(current.result, *args, **kw)
  File "d:\software\anaconda3\envs\bole\lib\site-packages\scrapy\core\downloader\handlers\http11.py", line 365, in _cb_timeout
    raise TimeoutError("Getting %s took longer than %s seconds." % (url, timeout))
twisted.internet.error.TimeoutError: User timeout caused connection failure: Getting https://ca.octobersveryown.com/products/classic-owl-hoodie-red-polka-dot.json took longer than 50.0 seconds..
2020-02-23 18:51:55 [scrapy.core.engine] INFO: Closing spider (finished)
2020-02-23 18:51:55 [scrapy.statscollectors] INFO: Dumping Scrapy stats:
{'downloader/exception_count': 2,
 'downloader/exception_type_count/twisted.internet.error.TimeoutError': 1,
 'downloader/exception_type_count/twisted.web._newclient.ResponseNeverReceived': 1,
 'downloader/request_bytes': 25416,
 'downloader/request_count': 81,
 'downloader/request_method_count/GET': 81,
 'downloader/response_bytes': 310064,
 'downloader/response_count': 79,
 'downloader/response_status_count/200': 79,
 'elapsed_time_seconds': 53.425927,
 'finish_reason': 'finished',
 'finish_time': datetime.datetime(2020, 2, 23, 10, 51, 55, 710564),
 'item_scraped_count': 17,
 'log_count/ERROR': 2,
 'log_count/INFO': 46,
 'request_depth_max': 1,
 'response_received_count': 79,
 'robotstxt/request_count': 3,
 'robotstxt/response_count': 3,
 'robotstxt/response_status_count/200': 3,
 'scheduler/dequeued': 78,
 'scheduler/dequeued/memory': 78,
 'scheduler/enqueued': 78,
 'scheduler/enqueued/memory': 78,
 'start_time': datetime.datetime(2020, 2, 23, 10, 51, 2, 284637)}
2020-02-23 18:51:55 [scrapy.core.engine] INFO: Spider closed (finished)
